<?xml version="1.0" encoding="UTF-8"?>
<!-- Generated by org.testng.reporters.JUnitReportReporter -->
<testsuite skipped="0" hostname="DESKTOP-N3LRL61" name="RunnerPackage.TEst" tests="1" failures="0" timestamp="2023-09-21T21:18:24 IST" time="8.177" errors="0">
  <testcase name="tst" time="8.177" classname="RunnerPackage.TEst"/>
  <system-out/>
</testsuite> <!-- RunnerPackage.TEst -->
